<?xml version="1.0" encoding="UTF-8"?>
<testng-results skipped="0" failed="0" total="1" passed="1">
  <reporter-output>
  </reporter-output>
  <suite name="Example test run" duration-ms="11435" started-at="2018-09-25T11:14:54Z" finished-at="2018-09-25T11:15:05Z">
    <groups>
    </groups>
    <test name="Simple Test 1" duration-ms="11435" started-at="2018-09-25T11:14:54Z" finished-at="2018-09-25T11:15:05Z">
      <class name="Parallel_Testing.Parallel_Testing.Test1">
        <test-method status="PASS" signature="testSetUp()[pri:0, instance:Parallel_Testing.Parallel_Testing.Test1@58ceff1]" name="testSetUp" is-config="true" duration-ms="5227" started-at="2018-09-25T16:44:54Z" finished-at="2018-09-25T16:44:59Z">
          <reporter-output>
          </reporter-output>
        </test-method> <!-- testSetUp -->
        <test-method status="PASS" signature="verifyGooglePageTittle()[pri:0, instance:Parallel_Testing.Parallel_Testing.Test1@58ceff1]" name="verifyGooglePageTittle" duration-ms="4825" started-at="2018-09-25T16:44:59Z" finished-at="2018-09-25T16:45:04Z">
          <reporter-output>
          </reporter-output>
        </test-method> <!-- verifyGooglePageTittle -->
        <test-method status="PASS" signature="tearDown()[pri:0, instance:Parallel_Testing.Parallel_Testing.Test1@58ceff1]" name="tearDown" is-config="true" duration-ms="1373" started-at="2018-09-25T16:45:04Z" finished-at="2018-09-25T16:45:05Z">
          <reporter-output>
          </reporter-output>
        </test-method> <!-- tearDown -->
      </class> <!-- Parallel_Testing.Parallel_Testing.Test1 -->
    </test> <!-- Simple Test 1 -->
  </suite> <!-- Example test run -->
</testng-results>
